[2022-05-30 22:59:38,151] {taskinstance.py:1160} INFO - Dependencies all met for <TaskInstance: LocalIngestionDag.ingest scheduled__2022-02-02T06:00:00+00:00 [queued]>
[2022-05-30 22:59:38,159] {taskinstance.py:1160} INFO - Dependencies all met for <TaskInstance: LocalIngestionDag.ingest scheduled__2022-02-02T06:00:00+00:00 [queued]>
[2022-05-30 22:59:38,161] {taskinstance.py:1357} INFO - 
--------------------------------------------------------------------------------
[2022-05-30 22:59:38,162] {taskinstance.py:1358} INFO - Starting attempt 4 of 4
[2022-05-30 22:59:38,163] {taskinstance.py:1359} INFO - 
--------------------------------------------------------------------------------
[2022-05-30 22:59:38,176] {taskinstance.py:1378} INFO - Executing <Task(PythonOperator): ingest> on 2022-02-02 06:00:00+00:00
[2022-05-30 22:59:38,185] {standard_task_runner.py:52} INFO - Started process 632 to run task
[2022-05-30 22:59:38,189] {standard_task_runner.py:79} INFO - Running: ['***', 'tasks', 'run', 'LocalIngestionDag', 'ingest', 'scheduled__2022-02-02T06:00:00+00:00', '--job-id', '19', '--raw', '--subdir', 'DAGS_FOLDER/data_ingestion_local.py', '--cfg-path', '/tmp/tmpfbcsfjg2', '--error-file', '/tmp/tmpdtbepevd']
[2022-05-30 22:59:38,192] {standard_task_runner.py:80} INFO - Job 19: Subtask ingest
[2022-05-30 22:59:38,245] {task_command.py:370} INFO - Running <TaskInstance: LocalIngestionDag.ingest scheduled__2022-02-02T06:00:00+00:00 [running]> on host 973151ef250d
[2022-05-30 22:59:38,290] {warnings.py:110} WARNING - /home/***/.local/lib/python3.7/site-packages/***/utils/context.py:202: AirflowContextDeprecationWarning: Accessing 'execution_date' from the template is deprecated and will be removed in a future version. Please use 'data_interval_start' or 'logical_date' instead.
  warnings.warn(_create_deprecation_warning(key, self._deprecation_replacements[key]))

[2022-05-30 22:59:38,318] {taskinstance.py:1572} INFO - Exporting the following env vars:
AIRFLOW_CTX_DAG_OWNER=***
AIRFLOW_CTX_DAG_ID=LocalIngestionDag
AIRFLOW_CTX_TASK_ID=ingest
AIRFLOW_CTX_EXECUTION_DATE=2022-02-02T06:00:00+00:00
AIRFLOW_CTX_TRY_NUMBER=4
AIRFLOW_CTX_DAG_RUN_ID=scheduled__2022-02-02T06:00:00+00:00
[2022-05-30 22:59:38,320] {logging_mixin.py:115} INFO - yellow_taxi_2022_02 /opt/***/output_2022-02.parquet 2022-02-02T06:00:00+00:00
[2022-05-30 22:59:38,337] {taskinstance.py:1890} ERROR - Task failed with exception
Traceback (most recent call last):
  File "/home/airflow/.local/lib/python3.7/site-packages/sqlalchemy/engine/base.py", line 3141, in _wrap_pool_connect
    return fn()
  File "/home/airflow/.local/lib/python3.7/site-packages/sqlalchemy/pool/base.py", line 301, in connect
    return _ConnectionFairy._checkout(self)
  File "/home/airflow/.local/lib/python3.7/site-packages/sqlalchemy/pool/base.py", line 755, in _checkout
    fairy = _ConnectionRecord.checkout(pool)
  File "/home/airflow/.local/lib/python3.7/site-packages/sqlalchemy/pool/base.py", line 419, in checkout
    rec = pool._do_get()
  File "/home/airflow/.local/lib/python3.7/site-packages/sqlalchemy/pool/impl.py", line 145, in _do_get
    self._dec_overflow()
  File "/home/airflow/.local/lib/python3.7/site-packages/sqlalchemy/util/langhelpers.py", line 72, in __exit__
    with_traceback=exc_tb,
  File "/home/airflow/.local/lib/python3.7/site-packages/sqlalchemy/util/compat.py", line 211, in raise_
    raise exception
  File "/home/airflow/.local/lib/python3.7/site-packages/sqlalchemy/pool/impl.py", line 142, in _do_get
    return self._create_connection()
  File "/home/airflow/.local/lib/python3.7/site-packages/sqlalchemy/pool/base.py", line 247, in _create_connection
    return _ConnectionRecord(self)
  File "/home/airflow/.local/lib/python3.7/site-packages/sqlalchemy/pool/base.py", line 362, in __init__
    self.__connect(first_connect_check=True)
  File "/home/airflow/.local/lib/python3.7/site-packages/sqlalchemy/pool/base.py", line 605, in __connect
    pool.logger.debug("Error on connect(): %s", e)
  File "/home/airflow/.local/lib/python3.7/site-packages/sqlalchemy/util/langhelpers.py", line 72, in __exit__
    with_traceback=exc_tb,
  File "/home/airflow/.local/lib/python3.7/site-packages/sqlalchemy/util/compat.py", line 211, in raise_
    raise exception
  File "/home/airflow/.local/lib/python3.7/site-packages/sqlalchemy/pool/base.py", line 599, in __connect
    connection = pool._invoke_creator(self)
  File "/home/airflow/.local/lib/python3.7/site-packages/sqlalchemy/engine/create.py", line 578, in connect
    return dialect.connect(*cargs, **cparams)
  File "/home/airflow/.local/lib/python3.7/site-packages/sqlalchemy/engine/default.py", line 583, in connect
    return self.dbapi.connect(*cargs, **cparams)
  File "/home/airflow/.local/lib/python3.7/site-packages/psycopg2/__init__.py", line 122, in connect
    conn = _connect(dsn, connection_factory=connection_factory, **kwasync)
psycopg2.OperationalError: could not translate host name "pgdatabase" to address: Name or service not known


The above exception was the direct cause of the following exception:

Traceback (most recent call last):
  File "/home/airflow/.local/lib/python3.7/site-packages/airflow/operators/python.py", line 171, in execute
    return_value = self.execute_callable()
  File "/home/airflow/.local/lib/python3.7/site-packages/airflow/operators/python.py", line 189, in execute_callable
    return self.python_callable(*self.op_args, **self.op_kwargs)
  File "/opt/airflow/dags/ingest_script.py", line 13, in ingest_callable
    engine.connect()
  File "/home/airflow/.local/lib/python3.7/site-packages/sqlalchemy/engine/base.py", line 3095, in connect
    return self._connection_cls(self, close_with_result=close_with_result)
  File "/home/airflow/.local/lib/python3.7/site-packages/sqlalchemy/engine/base.py", line 91, in __init__
    else engine.raw_connection()
  File "/home/airflow/.local/lib/python3.7/site-packages/sqlalchemy/engine/base.py", line 3174, in raw_connection
    return self._wrap_pool_connect(self.pool.connect, _connection)
  File "/home/airflow/.local/lib/python3.7/site-packages/sqlalchemy/engine/base.py", line 3145, in _wrap_pool_connect
    e, dialect, self
  File "/home/airflow/.local/lib/python3.7/site-packages/sqlalchemy/engine/base.py", line 2004, in _handle_dbapi_exception_noconnection
    sqlalchemy_exception, with_traceback=exc_info[2], from_=e
  File "/home/airflow/.local/lib/python3.7/site-packages/sqlalchemy/util/compat.py", line 211, in raise_
    raise exception
  File "/home/airflow/.local/lib/python3.7/site-packages/sqlalchemy/engine/base.py", line 3141, in _wrap_pool_connect
    return fn()
  File "/home/airflow/.local/lib/python3.7/site-packages/sqlalchemy/pool/base.py", line 301, in connect
    return _ConnectionFairy._checkout(self)
  File "/home/airflow/.local/lib/python3.7/site-packages/sqlalchemy/pool/base.py", line 755, in _checkout
    fairy = _ConnectionRecord.checkout(pool)
  File "/home/airflow/.local/lib/python3.7/site-packages/sqlalchemy/pool/base.py", line 419, in checkout
    rec = pool._do_get()
  File "/home/airflow/.local/lib/python3.7/site-packages/sqlalchemy/pool/impl.py", line 145, in _do_get
    self._dec_overflow()
  File "/home/airflow/.local/lib/python3.7/site-packages/sqlalchemy/util/langhelpers.py", line 72, in __exit__
    with_traceback=exc_tb,
  File "/home/airflow/.local/lib/python3.7/site-packages/sqlalchemy/util/compat.py", line 211, in raise_
    raise exception
  File "/home/airflow/.local/lib/python3.7/site-packages/sqlalchemy/pool/impl.py", line 142, in _do_get
    return self._create_connection()
  File "/home/airflow/.local/lib/python3.7/site-packages/sqlalchemy/pool/base.py", line 247, in _create_connection
    return _ConnectionRecord(self)
  File "/home/airflow/.local/lib/python3.7/site-packages/sqlalchemy/pool/base.py", line 362, in __init__
    self.__connect(first_connect_check=True)
  File "/home/airflow/.local/lib/python3.7/site-packages/sqlalchemy/pool/base.py", line 605, in __connect
    pool.logger.debug("Error on connect(): %s", e)
  File "/home/airflow/.local/lib/python3.7/site-packages/sqlalchemy/util/langhelpers.py", line 72, in __exit__
    with_traceback=exc_tb,
  File "/home/airflow/.local/lib/python3.7/site-packages/sqlalchemy/util/compat.py", line 211, in raise_
    raise exception
  File "/home/airflow/.local/lib/python3.7/site-packages/sqlalchemy/pool/base.py", line 599, in __connect
    connection = pool._invoke_creator(self)
  File "/home/airflow/.local/lib/python3.7/site-packages/sqlalchemy/engine/create.py", line 578, in connect
    return dialect.connect(*cargs, **cparams)
  File "/home/airflow/.local/lib/python3.7/site-packages/sqlalchemy/engine/default.py", line 583, in connect
    return self.dbapi.connect(*cargs, **cparams)
  File "/home/airflow/.local/lib/python3.7/site-packages/psycopg2/__init__.py", line 122, in connect
    conn = _connect(dsn, connection_factory=connection_factory, **kwasync)
sqlalchemy.exc.OperationalError: (psycopg2.OperationalError) could not translate host name "pgdatabase" to address: Name or service not known

(Background on this error at: http://sqlalche.me/e/14/e3q8)
[2022-05-30 22:59:38,349] {taskinstance.py:1401} INFO - Marking task as FAILED. dag_id=LocalIngestionDag, task_id=ingest, execution_date=20220202T060000, start_date=20220530T225938, end_date=20220530T225938
[2022-05-30 22:59:38,356] {standard_task_runner.py:97} ERROR - Failed to execute job 19 for task ingest ((psycopg2.OperationalError) could not translate host name "pgdatabase" to address: Name or service not known

(Background on this error at: http://sqlalche.me/e/14/e3q8); 632)
[2022-05-30 22:59:38,366] {local_task_job.py:156} INFO - Task exited with return code 1
[2022-05-30 22:59:38,387] {local_task_job.py:273} INFO - 0 downstream tasks scheduled from follow-on schedule check
[2022-05-30 23:02:11,532] {taskinstance.py:1160} INFO - Dependencies all met for <TaskInstance: LocalIngestionDag.ingest scheduled__2022-02-02T06:00:00+00:00 [queued]>
[2022-05-30 23:02:11,538] {taskinstance.py:1160} INFO - Dependencies all met for <TaskInstance: LocalIngestionDag.ingest scheduled__2022-02-02T06:00:00+00:00 [queued]>
[2022-05-30 23:02:11,539] {taskinstance.py:1357} INFO - 
--------------------------------------------------------------------------------
[2022-05-30 23:02:11,540] {taskinstance.py:1358} INFO - Starting attempt 4 of 4
[2022-05-30 23:02:11,541] {taskinstance.py:1359} INFO - 
--------------------------------------------------------------------------------
[2022-05-30 23:02:11,550] {taskinstance.py:1378} INFO - Executing <Task(PythonOperator): ingest> on 2022-02-02 06:00:00+00:00
[2022-05-30 23:02:11,561] {standard_task_runner.py:52} INFO - Started process 97 to run task
[2022-05-30 23:02:11,565] {standard_task_runner.py:79} INFO - Running: ['***', 'tasks', 'run', 'LocalIngestionDag', 'ingest', 'scheduled__2022-02-02T06:00:00+00:00', '--job-id', '280', '--raw', '--subdir', 'DAGS_FOLDER/data_ingestion_local.py', '--cfg-path', '/tmp/tmpoqvx6ton', '--error-file', '/tmp/tmpzz9xojd6']
[2022-05-30 23:02:11,567] {standard_task_runner.py:80} INFO - Job 280: Subtask ingest
[2022-05-30 23:02:11,616] {task_command.py:370} INFO - Running <TaskInstance: LocalIngestionDag.ingest scheduled__2022-02-02T06:00:00+00:00 [running]> on host 8ac972de2f4f
[2022-05-30 23:02:11,640] {warnings.py:110} WARNING - /home/***/.local/lib/python3.7/site-packages/***/utils/context.py:202: AirflowContextDeprecationWarning: Accessing 'execution_date' from the template is deprecated and will be removed in a future version. Please use 'data_interval_start' or 'logical_date' instead.
  warnings.warn(_create_deprecation_warning(key, self._deprecation_replacements[key]))

[2022-05-30 23:02:11,692] {taskinstance.py:1572} INFO - Exporting the following env vars:
AIRFLOW_CTX_DAG_OWNER=***
AIRFLOW_CTX_DAG_ID=LocalIngestionDag
AIRFLOW_CTX_TASK_ID=ingest
AIRFLOW_CTX_EXECUTION_DATE=2022-02-02T06:00:00+00:00
AIRFLOW_CTX_TRY_NUMBER=4
AIRFLOW_CTX_DAG_RUN_ID=scheduled__2022-02-02T06:00:00+00:00
[2022-05-30 23:02:11,694] {logging_mixin.py:115} INFO - yellow_taxi_2022_02 /opt/***/output_2022-02.parquet 2022-02-02T06:00:00+00:00
[2022-05-30 23:02:11,956] {logging_mixin.py:115} INFO - connection established successfully, inserting data...
[2022-05-30 23:02:42,515] {logging_mixin.py:115} INFO - inserted the first chunk, took 30.558 second
[2022-05-30 23:02:55,862] {logging_mixin.py:115} INFO - inserted another chunk, took 13.344 second
[2022-05-30 23:03:09,352] {logging_mixin.py:115} INFO - inserted another chunk, took 13.486 second
[2022-05-30 23:03:23,313] {logging_mixin.py:115} INFO - inserted another chunk, took 13.956 second
[2022-05-30 23:03:36,518] {logging_mixin.py:115} INFO - inserted another chunk, took 13.202 second
[2022-05-30 23:03:49,982] {logging_mixin.py:115} INFO - inserted another chunk, took 13.459 second
[2022-05-30 23:04:08,252] {logging_mixin.py:115} INFO - inserted another chunk, took 18.260 second
[2022-05-30 23:04:24,025] {logging_mixin.py:115} INFO - inserted another chunk, took 15.765 second
[2022-05-30 23:04:41,243] {logging_mixin.py:115} INFO - inserted another chunk, took 17.214 second
[2022-05-30 23:05:05,007] {logging_mixin.py:115} INFO - inserted another chunk, took 23.762 second
[2022-05-30 23:05:22,869] {logging_mixin.py:115} INFO - inserted another chunk, took 17.856 second
[2022-05-30 23:05:42,327] {logging_mixin.py:115} INFO - inserted another chunk, took 19.455 second
[2022-05-30 23:06:14,452] {logging_mixin.py:115} INFO - inserted another chunk, took 32.120 second
[2022-05-30 23:06:36,701] {logging_mixin.py:115} INFO - inserted another chunk, took 22.241 second
[2022-05-30 23:06:57,063] {logging_mixin.py:115} INFO - inserted another chunk, took 20.356 second
[2022-05-30 23:07:17,047] {logging_mixin.py:115} INFO - inserted another chunk, took 19.980 second
[2022-05-30 23:07:39,235] {logging_mixin.py:115} INFO - inserted another chunk, took 22.186 second
[2022-05-30 23:08:05,640] {logging_mixin.py:115} INFO - inserted another chunk, took 26.401 second
[2022-05-30 23:08:33,851] {logging_mixin.py:115} INFO - inserted another chunk, took 28.203 second
[2022-05-30 23:08:52,876] {logging_mixin.py:115} INFO - inserted another chunk, took 19.018 second
[2022-05-30 23:09:12,809] {logging_mixin.py:115} INFO - inserted another chunk, took 19.930 second
[2022-05-30 23:09:30,522] {logging_mixin.py:115} INFO - inserted another chunk, took 17.707 second
[2022-05-30 23:09:46,369] {logging_mixin.py:115} INFO - inserted another chunk, took 15.843 second
[2022-05-30 23:10:10,243] {logging_mixin.py:115} INFO - inserted another chunk, took 23.870 second
[2022-05-30 23:10:36,603] {logging_mixin.py:115} INFO - inserted another chunk, took 26.353 second
[2022-05-30 23:10:53,989] {logging_mixin.py:115} INFO - inserted another chunk, took 17.382 second
[2022-05-30 23:11:09,863] {logging_mixin.py:115} INFO - inserted another chunk, took 15.871 second
[2022-05-30 23:11:27,299] {logging_mixin.py:115} INFO - inserted another chunk, took 17.433 second
[2022-05-30 23:11:27,405] {warnings.py:110} WARNING - /home/***/.local/lib/python3.7/site-packages/***/operators/python.py:171: DtypeWarning: Columns (6) have mixed types.Specify dtype option on import or set low_memory=False.
  return_value = self.execute_callable()

[2022-05-30 23:11:42,622] {logging_mixin.py:115} INFO - inserted another chunk, took 15.321 second
[2022-05-30 23:11:57,150] {logging_mixin.py:115} INFO - inserted another chunk, took 14.525 second
[2022-05-30 23:11:57,157] {logging_mixin.py:115} INFO - completed
[2022-05-30 23:11:57,342] {python.py:173} INFO - Done. Returned value was: None
[2022-05-30 23:11:57,380] {taskinstance.py:1401} INFO - Marking task as SUCCESS. dag_id=LocalIngestionDag, task_id=ingest, execution_date=20220202T060000, start_date=20220530T230211, end_date=20220530T231157
[2022-05-30 23:11:58,811] {local_task_job.py:156} INFO - Task exited with return code 0
[2022-05-30 23:11:58,906] {local_task_job.py:273} INFO - 0 downstream tasks scheduled from follow-on schedule check
